[04/06/2021, 11:03:00] GET /users/c0835ef7-105e-4454-beb4-257999beb282?queryParam=value 400 37ms {"queryParam":"value"} {}
[04/06/2021, 11:05:31] GET /users/c0835ef7-105e-4454-beb4-257999beb282?queryParam=value 400 45ms {"queryParam":"value"} {}
[04/06/2021, 11:05:31] GET /users/c0835ef7-105e-4454-beb4-257999beb282?queryParam=value 400 2ms {"queryParam":"value"} {}
[04/06/2021, 11:05:34] POST /users/ 201 3ms {} {"name":"LOOK AGAIN","login":"LOOK"}
[04/06/2021, 11:34:19] GET /users 200 12ms {} {}
[04/06/2021, 11:34:19] POST /users 201 3ms {} {"name":"TEST_USER","login":"test_user","password":"T35t_P@55w0rd"}
[04/06/2021, 11:34:19] GET /users/ea88d3fd-8899-4810-ade0-56d464e131c9 200 2ms {} {}
[04/06/2021, 11:34:19] DELETE /users/ea88d3fd-8899-4810-ade0-56d464e131c9 200 3ms {} {}
[04/06/2021, 11:34:19] POST /users 201 2ms {} {"name":"TEST_USER","login":"test_user","password":"T35t_P@55w0rd"}
[04/06/2021, 11:34:19] DELETE /users/9a04eed6-758f-46e3-808a-41e9431e0b24 200 2ms {} {}
[04/06/2021, 11:34:19] POST /users 201 2ms {} {"name":"TEST_USER","login":"test_user","password":"T35t_P@55w0rd"}
[04/06/2021, 11:34:19] PUT /users/1743a07e-bf2f-4a22-8f74-42223a9e654c 200 1ms {} {"name":"Autotest updated TEST_USER","login":"test_user","password":"T35t_P@55w0rd","id":"1743a07e-bf2f-4a22-8f74-42223a9e654c"}
[04/06/2021, 11:34:19] GET /users/1743a07e-bf2f-4a22-8f74-42223a9e654c 200 1ms {} {}
[04/06/2021, 11:34:19] DELETE /users/1743a07e-bf2f-4a22-8f74-42223a9e654c 200 1ms {} {}
[04/06/2021, 11:34:19] POST /users 201 1ms {} {"name":"TEST_USER","login":"test_user","password":"T35t_P@55w0rd"}
[04/06/2021, 11:34:19] DELETE /users/8812bef3-f67c-44a4-9834-43f3c4dd2d67 200 1ms {} {}
[04/06/2021, 11:34:19] POST /users 201 2ms {} {"name":"TEST_USER","login":"test_user","password":"T35t_P@55w0rd"}
[04/06/2021, 11:34:19] POST /boards 201 2ms {} {"title":"Autotest board","columns":[{"title":"Backlog","order":1},{"title":"Sprint","order":2}]}
[04/06/2021, 11:34:19] POST /boards/13bdf168-28ce-46f1-a6a5-ed1112480410/tasks 201 2ms {} {"title":"Task #1","order":1,"description":"Lorem ipsum","userId":"caf0d265-e66e-447a-aa4a-bcbe074ae42a","boardId":"13bdf168-28ce-46f1-a6a5-ed1112480410"}
[04/06/2021, 11:34:19] POST /boards/13bdf168-28ce-46f1-a6a5-ed1112480410/tasks 201 2ms {} {"title":"Task #2","order":2,"description":"Lorem ipsum","userId":"caf0d265-e66e-447a-aa4a-bcbe074ae42a","boardId":"13bdf168-28ce-46f1-a6a5-ed1112480410"}
[04/06/2021, 11:34:19] DELETE /users/caf0d265-e66e-447a-aa4a-bcbe074ae42a 200 2ms {} {}
[04/06/2021, 11:34:19] GET /boards/13bdf168-28ce-46f1-a6a5-ed1112480410/tasks/095328bc-a7a6-45e4-97c0-7c5c5efa2780 200 1ms {} {}
[04/06/2021, 11:34:19] GET /boards/13bdf168-28ce-46f1-a6a5-ed1112480410/tasks/a87a6d2f-379b-480a-90a8-5ee854288c29 200 2ms {} {}
[04/06/2021, 11:34:19] DELETE /boards/13bdf168-28ce-46f1-a6a5-ed1112480410/tasks/095328bc-a7a6-45e4-97c0-7c5c5efa2780 200 2ms {} {}
[04/06/2021, 11:34:19] DELETE /boards/13bdf168-28ce-46f1-a6a5-ed1112480410/tasks/a87a6d2f-379b-480a-90a8-5ee854288c29 200 1ms {} {}
[04/06/2021, 11:34:19] DELETE /boards/13bdf168-28ce-46f1-a6a5-ed1112480410 200 1ms {} {}
[04/06/2021, 11:34:19] POST /boards 201 1ms {} {"title":"Autotest board","columns":[{"title":"Backlog","order":1},{"title":"Sprint","order":2}]}
[04/06/2021, 11:34:19] GET /boards 200 2ms {} {}
[04/06/2021, 11:34:19] GET /boards 200 1ms {} {}
[04/06/2021, 11:34:19] GET /boards/c278b356-7a66-4f22-acd4-2663771bbc4b 200 2ms {} {}
[04/06/2021, 11:34:19] POST /boards 201 1ms {} {"title":"Autotest board","columns":[{"title":"Backlog","order":1},{"title":"Sprint","order":2}]}
[04/06/2021, 11:34:19] DELETE /boards/f730e166-b487-4d28-947e-6005115888af 200 1ms {} {}
[04/06/2021, 11:34:19] POST /boards 201 1ms {} {"title":"Autotest board","columns":[{"title":"Backlog","order":1},{"title":"Sprint","order":2}]}
[04/06/2021, 11:34:19] PUT /boards/2a3d3732-0838-4fff-a680-df06f4efc58a 200 1ms {} {"id":"2a3d3732-0838-4fff-a680-df06f4efc58a","title":"Autotest updated board","columns":[{"title":"Backlog","order":1},{"title":"Sprint","order":2}]}
[04/06/2021, 11:34:19] GET /boards/2a3d3732-0838-4fff-a680-df06f4efc58a 200 1ms {} {}
[04/06/2021, 11:34:19] DELETE /boards/2a3d3732-0838-4fff-a680-df06f4efc58a 200 2ms {} {}
[04/06/2021, 11:34:19] POST /boards 201 1ms {} {"title":"Autotest board","columns":[{"title":"Backlog","order":1},{"title":"Sprint","order":2}]}
[04/06/2021, 11:34:19] DELETE /boards/76c15699-eb1c-4f3b-a9c4-a16bf98eff11 200 1ms {} {}
[04/06/2021, 11:34:19] GET /boards/76c15699-eb1c-4f3b-a9c4-a16bf98eff11 404 1ms {} {}
[04/06/2021, 11:34:19] POST /boards 201 1ms {} {"title":"Autotest board","columns":[{"title":"Backlog","order":1},{"title":"Sprint","order":2}]}
[04/06/2021, 11:34:19] POST /boards/487f4d95-4201-4b5e-a0aa-1f070806a0c7/tasks 201 1ms {} {"title":"Task #1","order":1,"description":"Lorem ipsum","boardId":"487f4d95-4201-4b5e-a0aa-1f070806a0c7","userId":null,"columnId":null}
[04/06/2021, 11:34:19] POST /boards/487f4d95-4201-4b5e-a0aa-1f070806a0c7/tasks 201 1ms {} {"title":"Task #2","order":2,"description":"Lorem ipsum","boardId":"487f4d95-4201-4b5e-a0aa-1f070806a0c7","userId":null,"columnId":null}
[04/06/2021, 11:34:19] POST /boards/487f4d95-4201-4b5e-a0aa-1f070806a0c7/tasks 201 1ms {} {"title":"Task #4","order":4,"description":"Lorem ipsum","boardId":"487f4d95-4201-4b5e-a0aa-1f070806a0c7","userId":null,"columnId":null}
[04/06/2021, 11:34:19] POST /boards/487f4d95-4201-4b5e-a0aa-1f070806a0c7/tasks 201 1ms {} {"title":"Task #3","order":3,"description":"Lorem ipsum","boardId":"487f4d95-4201-4b5e-a0aa-1f070806a0c7","userId":null,"columnId":null}
[04/06/2021, 11:34:19] POST /boards/487f4d95-4201-4b5e-a0aa-1f070806a0c7/tasks 201 1ms {} {"title":"Task #5","order":5,"description":"Lorem ipsum","boardId":"487f4d95-4201-4b5e-a0aa-1f070806a0c7","userId":null,"columnId":null}
[04/06/2021, 11:34:19] GET /boards/487f4d95-4201-4b5e-a0aa-1f070806a0c7/tasks/7085b4d8-5188-40fb-ac44-1c72e422cef9 200 1ms {} {}
[04/06/2021, 11:34:19] GET /boards/487f4d95-4201-4b5e-a0aa-1f070806a0c7/tasks/03db6238-1d40-4543-87ff-c752a1ac7e36 200 2ms {} {}
[04/06/2021, 11:34:19] GET /boards/487f4d95-4201-4b5e-a0aa-1f070806a0c7/tasks/721d924f-62c3-4991-b4a9-771d24a6ca2c 200 1ms {} {}
[04/06/2021, 11:34:19] GET /boards/487f4d95-4201-4b5e-a0aa-1f070806a0c7/tasks/cece691d-7136-49f2-b0be-ef6c4eff4a34 200 3ms {} {}
[04/06/2021, 11:34:19] GET /boards/487f4d95-4201-4b5e-a0aa-1f070806a0c7/tasks/6b82fdbc-f921-4234-894f-89c32c8f66bf 200 0ms {} {}
[04/06/2021, 11:34:20] DELETE /boards/487f4d95-4201-4b5e-a0aa-1f070806a0c7 200 1ms {} {}
[04/06/2021, 11:34:20] GET /boards/487f4d95-4201-4b5e-a0aa-1f070806a0c7/tasks/03db6238-1d40-4543-87ff-c752a1ac7e36 404 0ms {} {}
[04/06/2021, 11:34:20] GET /boards/487f4d95-4201-4b5e-a0aa-1f070806a0c7/tasks/7085b4d8-5188-40fb-ac44-1c72e422cef9 404 1ms {} {}
[04/06/2021, 11:34:20] GET /boards/487f4d95-4201-4b5e-a0aa-1f070806a0c7/tasks/cece691d-7136-49f2-b0be-ef6c4eff4a34 404 1ms {} {}
[04/06/2021, 11:34:20] GET /boards/487f4d95-4201-4b5e-a0aa-1f070806a0c7/tasks/721d924f-62c3-4991-b4a9-771d24a6ca2c 404 0ms {} {}
[04/06/2021, 11:34:20] GET /boards/487f4d95-4201-4b5e-a0aa-1f070806a0c7/tasks/6b82fdbc-f921-4234-894f-89c32c8f66bf 404 0ms {} {}
[04/06/2021, 11:34:20] DELETE /boards/c278b356-7a66-4f22-acd4-2663771bbc4b 200 1ms {} {}
[04/06/2021, 11:34:20] POST /boards 201 1ms {} {"title":"Autotest board","columns":[{"title":"Backlog","order":1},{"title":"Sprint","order":2}]}
[04/06/2021, 11:34:20] POST /boards/c909ee0b-c785-4296-ac6d-a7d3c381d100/tasks 201 1ms {} {"title":"Autotest task","order":0,"description":"Lorem ipsum","userId":null,"boardId":null,"columnId":null}
[04/06/2021, 11:34:20] GET /boards/c909ee0b-c785-4296-ac6d-a7d3c381d100/tasks 200 2ms {} {}
[04/06/2021, 11:34:20] GET /boards/c909ee0b-c785-4296-ac6d-a7d3c381d100/tasks 200 1ms {} {}
[04/06/2021, 11:34:20] GET /boards/c909ee0b-c785-4296-ac6d-a7d3c381d100/tasks/7a5093be-7fca-42b2-bf22-5c9d2aaa15a4 200 1ms {} {}
[04/06/2021, 11:34:20] POST /boards/c909ee0b-c785-4296-ac6d-a7d3c381d100/tasks 201 1ms {} {"title":"Autotest task","order":0,"description":"Lorem ipsum","userId":null,"boardId":null,"columnId":null}
[04/06/2021, 11:34:20] DELETE /boards/c909ee0b-c785-4296-ac6d-a7d3c381d100/tasks/d5563542-be61-4153-9e6d-39880f9e70a4 200 1ms {} {}
[04/06/2021, 11:34:20] POST /boards/c909ee0b-c785-4296-ac6d-a7d3c381d100/tasks 201 1ms {} {"title":"Autotest task","order":0,"description":"Lorem ipsum","userId":null,"boardId":null,"columnId":null}
[04/06/2021, 11:34:20] PUT /boards/c909ee0b-c785-4296-ac6d-a7d3c381d100/tasks/31282408-aff2-463d-9555-5cfb3b8425f3 200 2ms {} {"id":"31282408-aff2-463d-9555-5cfb3b8425f3","title":"Autotest updated task","order":0,"description":"Lorem ipsum","userId":null,"boardId":"c909ee0b-c785-4296-ac6d-a7d3c381d100","columnId":null}
[04/06/2021, 11:34:20] GET /boards/c909ee0b-c785-4296-ac6d-a7d3c381d100/tasks/31282408-aff2-463d-9555-5cfb3b8425f3 200 1ms {} {}
[04/06/2021, 11:34:20] GET /boards/c909ee0b-c785-4296-ac6d-a7d3c381d100/tasks/7a5093be-7fca-42b2-bf22-5c9d2aaa15a4 200 2ms {} {}
[04/06/2021, 11:34:20] DELETE /boards/c909ee0b-c785-4296-ac6d-a7d3c381d100/tasks/7a5093be-7fca-42b2-bf22-5c9d2aaa15a4 200 1ms {} {}
[04/06/2021, 11:34:20] GET /boards/c909ee0b-c785-4296-ac6d-a7d3c381d100/tasks/7a5093be-7fca-42b2-bf22-5c9d2aaa15a4 404 1ms {} {}
[04/06/2021, 11:34:20] DELETE /boards/c909ee0b-c785-4296-ac6d-a7d3c381d100 200 1ms {} {}
[04/06/2021, 11:37:50] GET /users 200 22ms {} {}
[04/06/2021, 11:37:50] POST /users 201 3ms {} {"name":"TEST_USER","login":"test_user","password":"T35t_P@55w0rd"}
[04/06/2021, 11:37:50] GET /users/3bfe3970-2bc1-44f8-9960-a202c73d9705 200 2ms {} {}
[04/06/2021, 11:37:50] DELETE /users/3bfe3970-2bc1-44f8-9960-a202c73d9705 200 2ms {} {}
[04/06/2021, 11:37:50] POST /users 201 1ms {} {"name":"TEST_USER","login":"test_user","password":"T35t_P@55w0rd"}
[04/06/2021, 11:37:50] DELETE /users/0ab2ba06-4848-4564-871d-a9f79a086e4d 200 1ms {} {}
[04/06/2021, 11:37:50] POST /users 201 1ms {} {"name":"TEST_USER","login":"test_user","password":"T35t_P@55w0rd"}
[04/06/2021, 11:37:50] PUT /users/8fb3bcb9-43c2-454c-b9ee-eaef8a988411 200 2ms {} {"name":"Autotest updated TEST_USER","login":"test_user","password":"T35t_P@55w0rd","id":"8fb3bcb9-43c2-454c-b9ee-eaef8a988411"}
[04/06/2021, 11:37:50] GET /users/8fb3bcb9-43c2-454c-b9ee-eaef8a988411 200 1ms {} {}
[04/06/2021, 11:37:50] DELETE /users/8fb3bcb9-43c2-454c-b9ee-eaef8a988411 200 1ms {} {}
[04/06/2021, 11:37:50] POST /users 201 1ms {} {"name":"TEST_USER","login":"test_user","password":"T35t_P@55w0rd"}
[04/06/2021, 11:37:50] DELETE /users/3f782cef-b490-4a97-9187-5977a97ebc54 200 1ms {} {}
[04/06/2021, 11:37:50] POST /users 201 1ms {} {"name":"TEST_USER","login":"test_user","password":"T35t_P@55w0rd"}
[04/06/2021, 11:37:50] POST /boards 201 2ms {} {"title":"Autotest board","columns":[{"title":"Backlog","order":1},{"title":"Sprint","order":2}]}
[04/06/2021, 11:37:50] POST /boards/fff29c7e-0bdf-4fc3-aeab-3de4cc603722/tasks 201 2ms {} {"title":"Task #1","order":1,"description":"Lorem ipsum","userId":"d7e0e874-3e79-4542-925f-e1679070da1a","boardId":"fff29c7e-0bdf-4fc3-aeab-3de4cc603722"}
[04/06/2021, 11:37:50] POST /boards/fff29c7e-0bdf-4fc3-aeab-3de4cc603722/tasks 201 1ms {} {"title":"Task #2","order":2,"description":"Lorem ipsum","userId":"d7e0e874-3e79-4542-925f-e1679070da1a","boardId":"fff29c7e-0bdf-4fc3-aeab-3de4cc603722"}
[04/06/2021, 11:37:50] DELETE /users/d7e0e874-3e79-4542-925f-e1679070da1a 200 1ms {} {}
[04/06/2021, 11:37:51] GET /boards/fff29c7e-0bdf-4fc3-aeab-3de4cc603722/tasks/f44579aa-f016-45cd-9fb6-02778964a508 200 3ms {} {}
[04/06/2021, 11:37:51] GET /boards/fff29c7e-0bdf-4fc3-aeab-3de4cc603722/tasks/3aeec46a-7769-4c7d-b148-61ceff9d00fa 200 2ms {} {}
[04/06/2021, 11:37:51] DELETE /boards/fff29c7e-0bdf-4fc3-aeab-3de4cc603722/tasks/f44579aa-f016-45cd-9fb6-02778964a508 200 2ms {} {}
[04/06/2021, 11:37:51] DELETE /boards/fff29c7e-0bdf-4fc3-aeab-3de4cc603722/tasks/3aeec46a-7769-4c7d-b148-61ceff9d00fa 200 2ms {} {}
[04/06/2021, 11:37:51] DELETE /boards/fff29c7e-0bdf-4fc3-aeab-3de4cc603722 200 1ms {} {}
[04/06/2021, 11:37:51] POST /boards 201 1ms {} {"title":"Autotest board","columns":[{"title":"Backlog","order":1},{"title":"Sprint","order":2}]}
[04/06/2021, 11:37:51] GET /boards 200 1ms {} {}
[04/06/2021, 11:37:51] GET /boards 200 1ms {} {}
[04/06/2021, 11:37:51] GET /boards/9e56d5a3-7fa5-40e1-abe8-9515ce5b0a24 200 1ms {} {}
[04/06/2021, 11:37:51] POST /boards 201 1ms {} {"title":"Autotest board","columns":[{"title":"Backlog","order":1},{"title":"Sprint","order":2}]}
[04/06/2021, 11:37:51] DELETE /boards/25885b9b-7311-4e85-9831-7fd415af7af3 200 1ms {} {}
[04/06/2021, 11:37:51] POST /boards 201 1ms {} {"title":"Autotest board","columns":[{"title":"Backlog","order":1},{"title":"Sprint","order":2}]}
[04/06/2021, 11:37:51] PUT /boards/b142e239-d911-42ea-a0bd-69568e668eb9 200 1ms {} {"id":"b142e239-d911-42ea-a0bd-69568e668eb9","title":"Autotest updated board","columns":[{"title":"Backlog","order":1},{"title":"Sprint","order":2}]}
[04/06/2021, 11:37:51] GET /boards/b142e239-d911-42ea-a0bd-69568e668eb9 200 1ms {} {}
[04/06/2021, 11:37:51] DELETE /boards/b142e239-d911-42ea-a0bd-69568e668eb9 200 1ms {} {}
[04/06/2021, 11:37:51] POST /boards 201 1ms {} {"title":"Autotest board","columns":[{"title":"Backlog","order":1},{"title":"Sprint","order":2}]}
[04/06/2021, 11:37:51] DELETE /boards/c68f1dda-5754-4347-9871-b0d4d1a0e5c3 200 1ms {} {}
[04/06/2021, 11:37:51] GET /boards/c68f1dda-5754-4347-9871-b0d4d1a0e5c3 404 1ms {} {}
[04/06/2021, 11:37:51] POST /boards 201 1ms {} {"title":"Autotest board","columns":[{"title":"Backlog","order":1},{"title":"Sprint","order":2}]}
[04/06/2021, 11:37:51] POST /boards/fb6cbe8f-2d48-439f-8e25-6cf615aa4805/tasks 201 1ms {} {"title":"Task #1","order":1,"description":"Lorem ipsum","boardId":"fb6cbe8f-2d48-439f-8e25-6cf615aa4805","userId":null,"columnId":null}
[04/06/2021, 11:37:51] POST /boards/fb6cbe8f-2d48-439f-8e25-6cf615aa4805/tasks 201 1ms {} {"title":"Task #2","order":2,"description":"Lorem ipsum","boardId":"fb6cbe8f-2d48-439f-8e25-6cf615aa4805","userId":null,"columnId":null}
[04/06/2021, 11:37:51] POST /boards/fb6cbe8f-2d48-439f-8e25-6cf615aa4805/tasks 201 1ms {} {"title":"Task #3","order":3,"description":"Lorem ipsum","boardId":"fb6cbe8f-2d48-439f-8e25-6cf615aa4805","userId":null,"columnId":null}
[04/06/2021, 11:37:51] POST /boards/fb6cbe8f-2d48-439f-8e25-6cf615aa4805/tasks 201 1ms {} {"title":"Task #4","order":4,"description":"Lorem ipsum","boardId":"fb6cbe8f-2d48-439f-8e25-6cf615aa4805","userId":null,"columnId":null}
[04/06/2021, 11:37:51] POST /boards/fb6cbe8f-2d48-439f-8e25-6cf615aa4805/tasks 201 1ms {} {"title":"Task #5","order":5,"description":"Lorem ipsum","boardId":"fb6cbe8f-2d48-439f-8e25-6cf615aa4805","userId":null,"columnId":null}
[04/06/2021, 11:37:51] GET /boards/fb6cbe8f-2d48-439f-8e25-6cf615aa4805/tasks/b2c76007-4966-4785-ac42-3a860e1224ab 200 1ms {} {}
[04/06/2021, 11:37:51] GET /boards/fb6cbe8f-2d48-439f-8e25-6cf615aa4805/tasks/b1c808b2-0a40-4b3c-b0dc-480084914eb6 200 1ms {} {}
[04/06/2021, 11:37:51] GET /boards/fb6cbe8f-2d48-439f-8e25-6cf615aa4805/tasks/a0254aae-496d-4383-b79e-561beabe3ca3 200 2ms {} {}
[04/06/2021, 11:37:51] GET /boards/fb6cbe8f-2d48-439f-8e25-6cf615aa4805/tasks/23770f23-3ce2-4165-a9b7-38016a3d4772 200 1ms {} {}
[04/06/2021, 11:37:51] GET /boards/fb6cbe8f-2d48-439f-8e25-6cf615aa4805/tasks/1ed71f1f-1724-4336-88de-56d5236b5390 200 1ms {} {}
[04/06/2021, 11:37:51] DELETE /boards/fb6cbe8f-2d48-439f-8e25-6cf615aa4805 200 2ms {} {}
[04/06/2021, 11:37:51] GET /boards/fb6cbe8f-2d48-439f-8e25-6cf615aa4805/tasks/b2c76007-4966-4785-ac42-3a860e1224ab 404 0ms {} {}
[04/06/2021, 11:37:51] GET /boards/fb6cbe8f-2d48-439f-8e25-6cf615aa4805/tasks/b1c808b2-0a40-4b3c-b0dc-480084914eb6 404 1ms {} {}
[04/06/2021, 11:37:51] GET /boards/fb6cbe8f-2d48-439f-8e25-6cf615aa4805/tasks/a0254aae-496d-4383-b79e-561beabe3ca3 404 1ms {} {}
[04/06/2021, 11:37:51] GET /boards/fb6cbe8f-2d48-439f-8e25-6cf615aa4805/tasks/23770f23-3ce2-4165-a9b7-38016a3d4772 404 1ms {} {}
[04/06/2021, 11:37:51] GET /boards/fb6cbe8f-2d48-439f-8e25-6cf615aa4805/tasks/1ed71f1f-1724-4336-88de-56d5236b5390 404 0ms {} {}
[04/06/2021, 11:37:51] DELETE /boards/9e56d5a3-7fa5-40e1-abe8-9515ce5b0a24 200 1ms {} {}
[04/06/2021, 11:37:51] POST /boards 201 1ms {} {"title":"Autotest board","columns":[{"title":"Backlog","order":1},{"title":"Sprint","order":2}]}
[04/06/2021, 11:37:51] POST /boards/a38e961c-7ce1-450b-8c56-b2ed121e7098/tasks 201 1ms {} {"title":"Autotest task","order":0,"description":"Lorem ipsum","userId":null,"boardId":null,"columnId":null}
[04/06/2021, 11:37:51] GET /boards/a38e961c-7ce1-450b-8c56-b2ed121e7098/tasks 200 1ms {} {}
[04/06/2021, 11:37:51] GET /boards/a38e961c-7ce1-450b-8c56-b2ed121e7098/tasks 200 1ms {} {}
[04/06/2021, 11:37:51] GET /boards/a38e961c-7ce1-450b-8c56-b2ed121e7098/tasks/26028855-1dc5-4cce-97d7-17bb747e6f42 200 1ms {} {}
[04/06/2021, 11:37:51] POST /boards/a38e961c-7ce1-450b-8c56-b2ed121e7098/tasks 201 1ms {} {"title":"Autotest task","order":0,"description":"Lorem ipsum","userId":null,"boardId":null,"columnId":null}
[04/06/2021, 11:37:51] DELETE /boards/a38e961c-7ce1-450b-8c56-b2ed121e7098/tasks/977a9977-b9bb-427a-a5eb-22aac484ede5 200 1ms {} {}
[04/06/2021, 11:37:51] POST /boards/a38e961c-7ce1-450b-8c56-b2ed121e7098/tasks 201 1ms {} {"title":"Autotest task","order":0,"description":"Lorem ipsum","userId":null,"boardId":null,"columnId":null}
[04/06/2021, 11:37:51] PUT /boards/a38e961c-7ce1-450b-8c56-b2ed121e7098/tasks/9d09e187-6de5-434f-b46f-d1c91f1ec80a 200 1ms {} {"id":"9d09e187-6de5-434f-b46f-d1c91f1ec80a","title":"Autotest updated task","order":0,"description":"Lorem ipsum","userId":null,"boardId":"a38e961c-7ce1-450b-8c56-b2ed121e7098","columnId":null}
[04/06/2021, 11:37:51] GET /boards/a38e961c-7ce1-450b-8c56-b2ed121e7098/tasks/9d09e187-6de5-434f-b46f-d1c91f1ec80a 200 1ms {} {}
[04/06/2021, 11:37:51] GET /boards/a38e961c-7ce1-450b-8c56-b2ed121e7098/tasks/26028855-1dc5-4cce-97d7-17bb747e6f42 200 1ms {} {}
[04/06/2021, 11:37:51] DELETE /boards/a38e961c-7ce1-450b-8c56-b2ed121e7098/tasks/26028855-1dc5-4cce-97d7-17bb747e6f42 200 1ms {} {}
[04/06/2021, 11:37:51] GET /boards/a38e961c-7ce1-450b-8c56-b2ed121e7098/tasks/26028855-1dc5-4cce-97d7-17bb747e6f42 404 0ms {} {}
[04/06/2021, 11:37:51] DELETE /boards/a38e961c-7ce1-450b-8c56-b2ed121e7098 200 0ms {} {}
[04/06/2021, 11:48:28] GET /users/c0835ef7-105e-4454-beb4-257999beb282?queryParam=value 404 18ms {"queryParam":"value"} {}
[04/06/2021, 11:50:18] GET /users/c0835ef7-105e-4454-beb4-257999beb282?queryParam=value 404 19ms {"queryParam":"value"} {}
[04/06/2021, 11:52:22] GET /users/c0835ef7-105e-4454-beb4-257999beb282?queryParam=value 404 21ms {"queryParam":"value"} {}
[04/06/2021, 11:52:22] GET /users/c0835ef7-105e-4454-beb4-257999beb282?queryParam=value 404 3ms {"queryParam":"value"} {}
[04/06/2021, 11:54:09] GET /users/c0835ef7-105e-4454-beb4-257999beb282?queryParam=value 404 21ms {"queryParam":"value"} {}
[04/06/2021, 11:55:44] GET /users/c0835ef7-105e-4454-beb4-257999beb282?queryParam=value 404 26ms {"queryParam":"value"} {}
[04/06/2021, 11:56:41] GET /users/c0835ef7-105e-4454-beb4-257999beb282?queryParam=value 404 20ms {"queryParam":"value"} {}
[04/06/2021, 11:56:48] GET /users/c0835ef7-105e-4454-beb4-257999beb282?queryParam=value 404 2ms {"queryParam":"value"} {}
[04/06/2021, 11:56:49] GET /users/c0835ef7-105e-4454-beb4-257999beb282?queryParam=value 404 2ms {"queryParam":"value"} {}
[04/06/2021, 11:57:54] GET /users/c0835ef7-105e-4454-beb4-257999beb282?queryParam=value 404 26ms {"queryParam":"value"} {}
[04/06/2021, 11:59:20] GET /users/c0835ef7-105e-4454-beb4-257999beb282?queryParam=value 404 26ms {"queryParam":"value"} {}
[04/06/2021, 11:59:21] GET /users/c0835ef7-105e-4454-beb4-257999beb282?queryParam=value 404 2ms {"queryParam":"value"} {}
[04/06/2021, 12:01:07] GET /users/c0835ef7-105e-4454-beb4-257999beb282?queryParam=value 404 21ms {"queryParam":"value"} {}
[04/06/2021, 12:04:11] GET /users/c0835ef7-105e-4454-beb4-257999beb282?queryParam=value 400 26ms {"queryParam":"value"} {}
[04/06/2021, 12:05:32] GET /users/c0835ef7-105e-4454-beb4-257999beb282?queryParam=value 400 28ms {"queryParam":"value"} {}
[04/06/2021, 12:07:32] GET /users/c0835ef7-105e-4454-beb4-257999beb282?queryParam=value 400 25ms {"queryParam":"value"} {}
[04/06/2021, 12:08:47] GET /users/c0835ef7-105e-4454-beb4-257999beb282?queryParam=value 400 21ms {"queryParam":"value"} {}
[04/06/2021, 12:09:48] GET /users/c0835ef7-105e-4454-beb4-257999beb282?queryParam=value 400 30ms {"queryParam":"value"} {}
[04/06/2021, 12:22:40] GET /users/c0835ef7-105e-4454-beb4-257999beb282?queryParam=value 400 24ms {"queryParam":"value"} {}
[04/06/2021, 12:25:11] GET /users/c0835ef7-105e-4454-beb4-257999beb282?queryParam=value 400 24ms {"queryParam":"value"} {}
[04/06/2021, 12:26:04] GET /users/c0835ef7-105e-4454-beb4-257999beb282?queryParam=value 400 26ms {"queryParam":"value"} {}
[04/06/2021, 12:26:15] GET /users/c0835ef7-105e-4454-beb4-257999beb282?queryParam=value 400 2ms {"queryParam":"value"} {}
[04/06/2021, 12:29:06] GET /users/c0835ef7-105e-4454-beb4-257999beb282?queryParam=value 400 34ms {"queryParam":"value"} {}
[04/06/2021, 12:29:07] GET /users/c0835ef7-105e-4454-beb4-257999beb282?queryParam=value 400 3ms {"queryParam":"value"} {}
[04/06/2021, 12:30:20] PUT /users/3a91fc91-ab01-4b9b-91bf-007a181b743c?query=234 404 31ms {"query":"234"} {"name":"LOOK AGAIN","password":"LOOK AGAIN"}
[04/06/2021, 12:33:57] PUT /users/3a91fc91-ab01-4b9b-91bf-007a181b743c?query=234 404 35ms {"query":"234"} {"name":"LOOK AGAIN","password":"LOOK AGAIN"}
[04/06/2021, 12:44:09] GET /users 200 26ms {} {}
[04/06/2021, 12:44:09] POST /users 201 2ms {} {"name":"TEST_USER","login":"test_user","password":"T35t_P@55w0rd"}
[04/06/2021, 12:44:09] GET /users/123567ae-ca99-4db2-8834-aaceac1b2826 200 2ms {} {}
[04/06/2021, 12:44:09] DELETE /users/123567ae-ca99-4db2-8834-aaceac1b2826 200 2ms {} {}
[04/06/2021, 12:44:09] POST /users 201 1ms {} {"name":"TEST_USER","login":"test_user","password":"T35t_P@55w0rd"}
[04/06/2021, 12:44:09] DELETE /users/73a595a9-0013-43c4-8f01-95a573ab5257 200 1ms {} {}
[04/06/2021, 12:44:09] POST /users 201 1ms {} {"name":"TEST_USER","login":"test_user","password":"T35t_P@55w0rd"}
[04/06/2021, 12:44:09] PUT /users/1d1ade1c-4b24-4b31-a6fe-2a2e9b76801e 200 1ms {} {"name":"Autotest updated TEST_USER","login":"test_user","password":"T35t_P@55w0rd","id":"1d1ade1c-4b24-4b31-a6fe-2a2e9b76801e"}
[04/06/2021, 12:44:09] GET /users/1d1ade1c-4b24-4b31-a6fe-2a2e9b76801e 200 1ms {} {}
[04/06/2021, 12:44:09] DELETE /users/1d1ade1c-4b24-4b31-a6fe-2a2e9b76801e 200 2ms {} {}
[04/06/2021, 12:44:09] POST /users 201 1ms {} {"name":"TEST_USER","login":"test_user","password":"T35t_P@55w0rd"}
[04/06/2021, 12:44:09] DELETE /users/7c3f8c09-5902-41c4-a149-847effcf1f5f 200 1ms {} {}
[04/06/2021, 12:44:09] POST /users 201 1ms {} {"name":"TEST_USER","login":"test_user","password":"T35t_P@55w0rd"}
[04/06/2021, 12:44:09] POST /boards 201 2ms {} {"title":"Autotest board","columns":[{"title":"Backlog","order":1},{"title":"Sprint","order":2}]}
[04/06/2021, 12:44:09] POST /boards/db9e1372-941a-43c5-aee5-dc3b97703c2b/tasks 201 2ms {} {"title":"Task #1","order":1,"description":"Lorem ipsum","userId":"4b936975-a94d-42e0-beb0-f4747fe7bfd1","boardId":"db9e1372-941a-43c5-aee5-dc3b97703c2b"}
[04/06/2021, 12:44:09] POST /boards/db9e1372-941a-43c5-aee5-dc3b97703c2b/tasks 201 1ms {} {"title":"Task #2","order":2,"description":"Lorem ipsum","userId":"4b936975-a94d-42e0-beb0-f4747fe7bfd1","boardId":"db9e1372-941a-43c5-aee5-dc3b97703c2b"}
[04/06/2021, 12:44:09] DELETE /users/4b936975-a94d-42e0-beb0-f4747fe7bfd1 200 2ms {} {}
[04/06/2021, 12:44:09] GET /boards/db9e1372-941a-43c5-aee5-dc3b97703c2b/tasks/9e8d95b7-9a5a-4c11-8ba7-6cb7a92a6ef6 200 1ms {} {}
[04/06/2021, 12:44:09] GET /boards/db9e1372-941a-43c5-aee5-dc3b97703c2b/tasks/0322ccb5-388b-40ee-973f-e176d69857de 200 2ms {} {}
[04/06/2021, 12:44:09] DELETE /boards/db9e1372-941a-43c5-aee5-dc3b97703c2b/tasks/9e8d95b7-9a5a-4c11-8ba7-6cb7a92a6ef6 200 2ms {} {}
[04/06/2021, 12:44:09] DELETE /boards/db9e1372-941a-43c5-aee5-dc3b97703c2b/tasks/0322ccb5-388b-40ee-973f-e176d69857de 200 2ms {} {}
[04/06/2021, 12:44:09] DELETE /boards/db9e1372-941a-43c5-aee5-dc3b97703c2b 200 2ms {} {}
[04/06/2021, 12:44:10] POST /boards 201 1ms {} {"title":"Autotest board","columns":[{"title":"Backlog","order":1},{"title":"Sprint","order":2}]}
[04/06/2021, 12:44:10] GET /boards 200 1ms {} {}
[04/06/2021, 12:44:10] GET /boards 200 1ms {} {}
[04/06/2021, 12:44:10] GET /boards/5a18072b-bf6a-4a06-8cec-50aff3fc318a 200 1ms {} {}
[04/06/2021, 12:44:10] POST /boards 201 1ms {} {"title":"Autotest board","columns":[{"title":"Backlog","order":1},{"title":"Sprint","order":2}]}
[04/06/2021, 12:44:10] DELETE /boards/ec73453a-0c8b-42eb-98c3-604ec7e08123 200 1ms {} {}
[04/06/2021, 12:44:10] POST /boards 201 1ms {} {"title":"Autotest board","columns":[{"title":"Backlog","order":1},{"title":"Sprint","order":2}]}
[04/06/2021, 12:44:10] PUT /boards/357c83e7-7384-4756-aa0a-1ad7caf7b573 200 2ms {} {"id":"357c83e7-7384-4756-aa0a-1ad7caf7b573","title":"Autotest updated board","columns":[{"title":"Backlog","order":1},{"title":"Sprint","order":2}]}
[04/06/2021, 12:44:10] GET /boards/357c83e7-7384-4756-aa0a-1ad7caf7b573 200 1ms {} {}
[04/06/2021, 12:44:10] DELETE /boards/357c83e7-7384-4756-aa0a-1ad7caf7b573 200 1ms {} {}
[04/06/2021, 12:44:10] POST /boards 201 0ms {} {"title":"Autotest board","columns":[{"title":"Backlog","order":1},{"title":"Sprint","order":2}]}
[04/06/2021, 12:44:10] DELETE /boards/0613825a-813c-4caf-a9f9-5ceb750144d0 200 1ms {} {}
[04/06/2021, 12:44:10] GET /boards/0613825a-813c-4caf-a9f9-5ceb750144d0 404 2ms {} {}
[04/06/2021, 12:44:10] POST /boards 201 1ms {} {"title":"Autotest board","columns":[{"title":"Backlog","order":1},{"title":"Sprint","order":2}]}
[04/06/2021, 12:44:10] POST /boards/b558f66f-b289-4709-9c10-010ad5ab64c6/tasks 201 1ms {} {"title":"Task #1","order":1,"description":"Lorem ipsum","boardId":"b558f66f-b289-4709-9c10-010ad5ab64c6","userId":null,"columnId":null}
[04/06/2021, 12:44:10] POST /boards/b558f66f-b289-4709-9c10-010ad5ab64c6/tasks 201 1ms {} {"title":"Task #2","order":2,"description":"Lorem ipsum","boardId":"b558f66f-b289-4709-9c10-010ad5ab64c6","userId":null,"columnId":null}
[04/06/2021, 12:44:10] POST /boards/b558f66f-b289-4709-9c10-010ad5ab64c6/tasks 201 1ms {} {"title":"Task #3","order":3,"description":"Lorem ipsum","boardId":"b558f66f-b289-4709-9c10-010ad5ab64c6","userId":null,"columnId":null}
[04/06/2021, 12:44:10] POST /boards/b558f66f-b289-4709-9c10-010ad5ab64c6/tasks 201 1ms {} {"title":"Task #4","order":4,"description":"Lorem ipsum","boardId":"b558f66f-b289-4709-9c10-010ad5ab64c6","userId":null,"columnId":null}
[04/06/2021, 12:44:10] POST /boards/b558f66f-b289-4709-9c10-010ad5ab64c6/tasks 201 1ms {} {"title":"Task #5","order":5,"description":"Lorem ipsum","boardId":"b558f66f-b289-4709-9c10-010ad5ab64c6","userId":null,"columnId":null}
[04/06/2021, 12:44:10] GET /boards/b558f66f-b289-4709-9c10-010ad5ab64c6/tasks/d402af6b-5046-4570-9b0b-7625ad965017 200 1ms {} {}
[04/06/2021, 12:44:10] GET /boards/b558f66f-b289-4709-9c10-010ad5ab64c6/tasks/d5f5c21e-784b-4083-9941-bf8d7eabe36b 200 1ms {} {}
[04/06/2021, 12:44:10] GET /boards/b558f66f-b289-4709-9c10-010ad5ab64c6/tasks/3644772d-9945-4aad-970a-ad6d73f5b735 200 3ms {} {}
[04/06/2021, 12:44:10] GET /boards/b558f66f-b289-4709-9c10-010ad5ab64c6/tasks/46a631d2-05a0-4682-abbe-81ea706a8895 200 1ms {} {}
[04/06/2021, 12:44:10] GET /boards/b558f66f-b289-4709-9c10-010ad5ab64c6/tasks/640c2f49-202f-4328-97de-238067a62110 200 1ms {} {}
[04/06/2021, 12:44:10] DELETE /boards/b558f66f-b289-4709-9c10-010ad5ab64c6 200 1ms {} {}
[04/06/2021, 12:44:10] GET /boards/b558f66f-b289-4709-9c10-010ad5ab64c6/tasks/d402af6b-5046-4570-9b0b-7625ad965017 404 2ms {} {}
[04/06/2021, 12:44:10] GET /boards/b558f66f-b289-4709-9c10-010ad5ab64c6/tasks/d5f5c21e-784b-4083-9941-bf8d7eabe36b 404 2ms {} {}
[04/06/2021, 12:44:10] GET /boards/b558f66f-b289-4709-9c10-010ad5ab64c6/tasks/3644772d-9945-4aad-970a-ad6d73f5b735 404 2ms {} {}
[04/06/2021, 12:44:10] GET /boards/b558f66f-b289-4709-9c10-010ad5ab64c6/tasks/46a631d2-05a0-4682-abbe-81ea706a8895 404 2ms {} {}
[04/06/2021, 12:44:10] GET /boards/b558f66f-b289-4709-9c10-010ad5ab64c6/tasks/640c2f49-202f-4328-97de-238067a62110 404 2ms {} {}
[04/06/2021, 12:44:10] DELETE /boards/5a18072b-bf6a-4a06-8cec-50aff3fc318a 200 1ms {} {}
[04/06/2021, 12:44:10] POST /boards 201 1ms {} {"title":"Autotest board","columns":[{"title":"Backlog","order":1},{"title":"Sprint","order":2}]}
[04/06/2021, 12:44:10] POST /boards/434f610e-2cae-49a5-b795-e767159ab307/tasks 201 1ms {} {"title":"Autotest task","order":0,"description":"Lorem ipsum","userId":null,"boardId":null,"columnId":null}
[04/06/2021, 12:44:10] GET /boards/434f610e-2cae-49a5-b795-e767159ab307/tasks 200 2ms {} {}
[04/06/2021, 12:44:10] GET /boards/434f610e-2cae-49a5-b795-e767159ab307/tasks 200 1ms {} {}
[04/06/2021, 12:44:10] GET /boards/434f610e-2cae-49a5-b795-e767159ab307/tasks/be93e838-88e4-456b-a710-a12654d1557e 200 1ms {} {}
[04/06/2021, 12:44:10] POST /boards/434f610e-2cae-49a5-b795-e767159ab307/tasks 201 1ms {} {"title":"Autotest task","order":0,"description":"Lorem ipsum","userId":null,"boardId":null,"columnId":null}
[04/06/2021, 12:44:10] DELETE /boards/434f610e-2cae-49a5-b795-e767159ab307/tasks/9457d153-6f0e-49ae-90ff-25cca460c735 200 1ms {} {}
[04/06/2021, 12:44:10] POST /boards/434f610e-2cae-49a5-b795-e767159ab307/tasks 201 0ms {} {"title":"Autotest task","order":0,"description":"Lorem ipsum","userId":null,"boardId":null,"columnId":null}
[04/06/2021, 12:44:10] PUT /boards/434f610e-2cae-49a5-b795-e767159ab307/tasks/19d17a26-2be9-4fa9-b769-ee90a01abec0 200 1ms {} {"id":"19d17a26-2be9-4fa9-b769-ee90a01abec0","title":"Autotest updated task","order":0,"description":"Lorem ipsum","userId":null,"boardId":"434f610e-2cae-49a5-b795-e767159ab307","columnId":null}
[04/06/2021, 12:44:10] GET /boards/434f610e-2cae-49a5-b795-e767159ab307/tasks/19d17a26-2be9-4fa9-b769-ee90a01abec0 200 1ms {} {}
[04/06/2021, 12:44:10] GET /boards/434f610e-2cae-49a5-b795-e767159ab307/tasks/be93e838-88e4-456b-a710-a12654d1557e 200 1ms {} {}
[04/06/2021, 12:44:10] DELETE /boards/434f610e-2cae-49a5-b795-e767159ab307/tasks/be93e838-88e4-456b-a710-a12654d1557e 200 1ms {} {}
[04/06/2021, 12:44:10] GET /boards/434f610e-2cae-49a5-b795-e767159ab307/tasks/be93e838-88e4-456b-a710-a12654d1557e 404 2ms {} {}
[04/06/2021, 12:44:10] DELETE /boards/434f610e-2cae-49a5-b795-e767159ab307 200 1ms {} {}
